2018-07-17 14:22:18.2543 INFO Created Person: 

Mike Corso
7 Main Street
New York, NULL 10003
718 1234567: 000
2018-07-17 14:25:41.9066 INFO Created Person: 

Mike Corso
123 31st Street
New York, NULL 10003
718 98319831: 913
2018-07-17 14:26:10.3635 INFO Created Person: 

Mike Corso
321 New Street
New City, NULL New Zip
New Area Code : New Ext
2018-07-17 14:27:43.3357 INFO Created Person: 

Mike Corso
123 Street
Cit, NULL Zip
Area Phone: Ext
2018-07-17 14:32:43.1294 INFO Could not find file 'C:\Users\Mike\Desktop\Revature\Mike-SPS-CUNY-Project0\proj0\bin\Debug\netcoreapp2.0\contacts.dat'.
2018-07-17 14:32:43.4873 INFO String reference not set to an instance of a String.
Parameter name: s
2018-07-17 14:32:43.5151 INFO Value cannot be null.
Parameter name: collection
2018-07-17 14:33:13.1980 INFO Created Person: 

mike corso
123 31st st
ny, NULL 10003
718 1234567: 
2018-07-17 14:38:31.9040 INFO Created Person: 

Mike Corso
123 31st st
NY, NULL 10003
718 1234567: 
2018-07-17 14:39:06.7098 INFO Created Person: 

John Doe
3132 Some street
NY, NULL 10302
981 9284u225: 952
2018-07-17 14:44:35.1976 INFO Created Person: 

John Doe
209847 395827592
59287398572, NULL kgjdns
kgbs kgjsbkbdghn: kjgn
